  Building Custom Rule D:/00_git_update/01_Study/03_Cocos2d/Match3/CMakeLists.txt
  AppDelegate.cpp
  HelloWorldScene.cpp
  main.cpp
  precheader.cpp
libchipmunk.lib(cpArbiter.obj) : warning LNK4099: '' PDB를 'libchipmunk.lib(cpArbiter.obj)' 또는 ''에서 찾을 수 없습니다. 디버그 정보가 없는 것처럼 개체를 링크합니다.
libchipmunk.lib(cpBody.obj) : warning LNK4099: '' PDB를 'libchipmunk.lib(cpBody.obj)' 또는 ''에서 찾을 수 없습니다. 디버그 정보가 없는 것처럼 개체를 링크합니다.
libchipmunk.lib(cpShape.obj) : warning LNK4099: '' PDB를 'libchipmunk.lib(cpShape.obj)' 또는 ''에서 찾을 수 없습니다. 디버그 정보가 없는 것처럼 개체를 링크합니다.
libchipmunk.lib(cpSpace.obj) : warning LNK4099: '' PDB를 'libchipmunk.lib(cpSpace.obj)' 또는 ''에서 찾을 수 없습니다. 디버그 정보가 없는 것처럼 개체를 링크합니다.
libchipmunk.lib(cpSpaceQuery.obj) : warning LNK4099: '' PDB를 'libchipmunk.lib(cpSpaceQuery.obj)' 또는 ''에서 찾을 수 없습니다. 디버그 정보가 없는 것처럼 개체를 링크합니다.
libchipmunk.lib(cpSpaceStep.obj) : warning LNK4099: '' PDB를 'libchipmunk.lib(cpSpaceStep.obj)' 또는 ''에서 찾을 수 없습니다. 디버그 정보가 없는 것처럼 개체를 링크합니다.
libchipmunk.lib(cpSpaceDebug.obj) : warning LNK4099: '' PDB를 'libchipmunk.lib(cpSpaceDebug.obj)' 또는 ''에서 찾을 수 없습니다. 디버그 정보가 없는 것처럼 개체를 링크합니다.
libchipmunk.lib(chipmunk.obj) : warning LNK4099: '' PDB를 'libchipmunk.lib(chipmunk.obj)' 또는 ''에서 찾을 수 없습니다. 디버그 정보가 없는 것처럼 개체를 링크합니다.
libchipmunk.lib(cpSpaceComponent.obj) : warning LNK4099: '' PDB를 'libchipmunk.lib(cpSpaceComponent.obj)' 또는 ''에서 찾을 수 없습니다. 디버그 정보가 없는 것처럼 개체를 링크합니다.
libchipmunk.lib(cpConstraint.obj) : warning LNK4099: '' PDB를 'libchipmunk.lib(cpConstraint.obj)' 또는 ''에서 찾을 수 없습니다. 디버그 정보가 없는 것처럼 개체를 링크합니다.
libchipmunk.lib(cpPinJoint.obj) : warning LNK4099: '' PDB를 'libchipmunk.lib(cpPinJoint.obj)' 또는 ''에서 찾을 수 없습니다. 디버그 정보가 없는 것처럼 개체를 링크합니다.
libchipmunk.lib(cpSlideJoint.obj) : warning LNK4099: '' PDB를 'libchipmunk.lib(cpSlideJoint.obj)' 또는 ''에서 찾을 수 없습니다. 디버그 정보가 없는 것처럼 개체를 링크합니다.
libchipmunk.lib(cpPivotJoint.obj) : warning LNK4099: '' PDB를 'libchipmunk.lib(cpPivotJoint.obj)' 또는 ''에서 찾을 수 없습니다. 디버그 정보가 없는 것처럼 개체를 링크합니다.
libchipmunk.lib(cpGrooveJoint.obj) : warning LNK4099: '' PDB를 'libchipmunk.lib(cpGrooveJoint.obj)' 또는 ''에서 찾을 수 없습니다. 디버그 정보가 없는 것처럼 개체를 링크합니다.
libchipmunk.lib(cpDampedSpring.obj) : warning LNK4099: '' PDB를 'libchipmunk.lib(cpDampedSpring.obj)' 또는 ''에서 찾을 수 없습니다. 디버그 정보가 없는 것처럼 개체를 링크합니다.
libchipmunk.lib(cpDampedRotarySpring.obj) : warning LNK4099: '' PDB를 'libchipmunk.lib(cpDampedRotarySpring.obj)' 또는 ''에서 찾을 수 없습니다. 디버그 정보가 없는 것처럼 개체를 링크합니다.
libchipmunk.lib(cpRotaryLimitJoint.obj) : warning LNK4099: '' PDB를 'libchipmunk.lib(cpRotaryLimitJoint.obj)' 또는 ''에서 찾을 수 없습니다. 디버그 정보가 없는 것처럼 개체를 링크합니다.
libchipmunk.lib(cpRatchetJoint.obj) : warning LNK4099: '' PDB를 'libchipmunk.lib(cpRatchetJoint.obj)' 또는 ''에서 찾을 수 없습니다. 디버그 정보가 없는 것처럼 개체를 링크합니다.
libchipmunk.lib(cpGearJoint.obj) : warning LNK4099: '' PDB를 'libchipmunk.lib(cpGearJoint.obj)' 또는 ''에서 찾을 수 없습니다. 디버그 정보가 없는 것처럼 개체를 링크합니다.
libchipmunk.lib(cpSimpleMotor.obj) : warning LNK4099: '' PDB를 'libchipmunk.lib(cpSimpleMotor.obj)' 또는 ''에서 찾을 수 없습니다. 디버그 정보가 없는 것처럼 개체를 링크합니다.
libchipmunk.lib(cpPolyShape.obj) : warning LNK4099: '' PDB를 'libchipmunk.lib(cpPolyShape.obj)' 또는 ''에서 찾을 수 없습니다. 디버그 정보가 없는 것처럼 개체를 링크합니다.
libchipmunk.lib(cpHashSet.obj) : warning LNK4099: '' PDB를 'libchipmunk.lib(cpHashSet.obj)' 또는 ''에서 찾을 수 없습니다. 디버그 정보가 없는 것처럼 개체를 링크합니다.
libchipmunk.lib(cpArray.obj) : warning LNK4099: '' PDB를 'libchipmunk.lib(cpArray.obj)' 또는 ''에서 찾을 수 없습니다. 디버그 정보가 없는 것처럼 개체를 링크합니다.
libchipmunk.lib(cpCollision.obj) : warning LNK4099: '' PDB를 'libchipmunk.lib(cpCollision.obj)' 또는 ''에서 찾을 수 없습니다. 디버그 정보가 없는 것처럼 개체를 링크합니다.
libchipmunk.lib(cpSpaceHash.obj) : warning LNK4099: '' PDB를 'libchipmunk.lib(cpSpaceHash.obj)' 또는 ''에서 찾을 수 없습니다. 디버그 정보가 없는 것처럼 개체를 링크합니다.
libchipmunk.lib(cpBBTree.obj) : warning LNK4099: '' PDB를 'libchipmunk.lib(cpBBTree.obj)' 또는 ''에서 찾을 수 없습니다. 디버그 정보가 없는 것처럼 개체를 링크합니다.
libchipmunk.lib(cpSpatialIndex.obj) : warning LNK4099: '' PDB를 'libchipmunk.lib(cpSpatialIndex.obj)' 또는 ''에서 찾을 수 없습니다. 디버그 정보가 없는 것처럼 개체를 링크합니다.
libchipmunk.lib(cpRobust.obj) : warning LNK4099: '' PDB를 'libchipmunk.lib(cpRobust.obj)' 또는 ''에서 찾을 수 없습니다. 디버그 정보가 없는 것처럼 개체를 링크합니다.
libbullet.lib(btAlignedAllocator.obj) : warning LNK4075: '/EDITANDCONTINUE'이(가) '/SAFESEH' 사양으로 인해 무시됩니다.
libbullet.lib(btAlignedAllocator.obj) : warning LNK4099: '' PDB를 'libbullet.lib(btAlignedAllocator.obj)' 또는 ''에서 찾을 수 없습니다. 디버그 정보가 없는 것처럼 개체를 링크합니다.
libbullet.lib(btCollisionDispatcher.obj) : warning LNK4099: '' PDB를 'libbullet.lib(btCollisionDispatcher.obj)' 또는 ''에서 찾을 수 없습니다. 디버그 정보가 없는 것처럼 개체를 링크합니다.
libbullet.lib(btCollisionWorld.obj) : warning LNK4099: '' PDB를 'libbullet.lib(btCollisionWorld.obj)' 또는 ''에서 찾을 수 없습니다. 디버그 정보가 없는 것처럼 개체를 링크합니다.
libbullet.lib(btDefaultCollisionConfiguration.obj) : warning LNK4099: '' PDB를 'libbullet.lib(btDefaultCollisionConfiguration.obj)' 또는 ''에서 찾을 수 없습니다. 디버그 정보가 없는 것처럼 개체를 링크합니다.
libbullet.lib(btDbvtBroadphase.obj) : warning LNK4099: '' PDB를 'libbullet.lib(btDbvtBroadphase.obj)' 또는 ''에서 찾을 수 없습니다. 디버그 정보가 없는 것처럼 개체를 링크합니다.
libbullet.lib(btDiscreteDynamicsWorld.obj) : warning LNK4099: '' PDB를 'libbullet.lib(btDiscreteDynamicsWorld.obj)' 또는 ''에서 찾을 수 없습니다. 디버그 정보가 없는 것처럼 개체를 링크합니다.
libbullet.lib(btSequentialImpulseConstraintSolver.obj) : warning LNK4099: '' PDB를 'libbullet.lib(btSequentialImpulseConstraintSolver.obj)' 또는 ''에서 찾을 수 없습니다. 디버그 정보가 없는 것처럼 개체를 링크합니다.
libbullet.lib(btCollisionObject.obj) : warning LNK4099: '' PDB를 'libbullet.lib(btCollisionObject.obj)' 또는 ''에서 찾을 수 없습니다. 디버그 정보가 없는 것처럼 개체를 링크합니다.
libbullet.lib(btRigidBody.obj) : warning LNK4099: '' PDB를 'libbullet.lib(btRigidBody.obj)' 또는 ''에서 찾을 수 없습니다. 디버그 정보가 없는 것처럼 개체를 링크합니다.
libbullet.lib(btGhostObject.obj) : warning LNK4099: '' PDB를 'libbullet.lib(btGhostObject.obj)' 또는 ''에서 찾을 수 없습니다. 디버그 정보가 없는 것처럼 개체를 링크합니다.
libbullet.lib(btDispatcher.obj) : warning LNK4099: '' PDB를 'libbullet.lib(btDispatcher.obj)' 또는 ''에서 찾을 수 없습니다. 디버그 정보가 없는 것처럼 개체를 링크합니다.
libbullet.lib(btPersistentManifold.obj) : warning LNK4099: '' PDB를 'libbullet.lib(btPersistentManifold.obj)' 또는 ''에서 찾을 수 없습니다. 디버그 정보가 없는 것처럼 개체를 링크합니다.
libbullet.lib(btManifoldResult.obj) : warning LNK4099: '' PDB를 'libbullet.lib(btManifoldResult.obj)' 또는 ''에서 찾을 수 없습니다. 디버그 정보가 없는 것처럼 개체를 링크합니다.
libbullet.lib(btCollisionShape.obj) : warning LNK4099: '' PDB를 'libbullet.lib(btCollisionShape.obj)' 또는 ''에서 찾을 수 없습니다. 디버그 정보가 없는 것처럼 개체를 링크합니다.
libbullet.lib(btConvexShape.obj) : warning LNK4099: '' PDB를 'libbullet.lib(btConvexShape.obj)' 또는 ''에서 찾을 수 없습니다. 디버그 정보가 없는 것처럼 개체를 링크합니다.
libbullet.lib(btGjkEpaPenetrationDepthSolver.obj) : warning LNK4099: '' PDB를 'libbullet.lib(btGjkEpaPenetrationDepthSolver.obj)' 또는 ''에서 찾을 수 없습니다. 디버그 정보가 없는 것처럼 개체를 링크합니다.
libbullet.lib(btConvexInternalShape.obj) : warning LNK4099: '' PDB를 'libbullet.lib(btConvexInternalShape.obj)' 또는 ''에서 찾을 수 없습니다. 디버그 정보가 없는 것처럼 개체를 링크합니다.
libbullet.lib(btSphereShape.obj) : warning LNK4099: '' PDB를 'libbullet.lib(btSphereShape.obj)' 또는 ''에서 찾을 수 없습니다. 디버그 정보가 없는 것처럼 개체를 링크합니다.
libbullet.lib(btTriangleCallback.obj) : warning LNK4099: '' PDB를 'libbullet.lib(btTriangleCallback.obj)' 또는 ''에서 찾을 수 없습니다. 디버그 정보가 없는 것처럼 개체를 링크합니다.
libbullet.lib(btBvhTriangleMeshShape.obj) : warning LNK4099: '' PDB를 'libbullet.lib(btBvhTriangleMeshShape.obj)' 또는 ''에서 찾을 수 없습니다. 디버그 정보가 없는 것처럼 개체를 링크합니다.
libbullet.lib(btRaycastCallback.obj) : warning LNK4099: '' PDB를 'libbullet.lib(btRaycastCallback.obj)' 또는 ''에서 찾을 수 없습니다. 디버그 정보가 없는 것처럼 개체를 링크합니다.
libbullet.lib(btConvexCast.obj) : warning LNK4099: '' PDB를 'libbullet.lib(btConvexCast.obj)' 또는 ''에서 찾을 수 없습니다. 디버그 정보가 없는 것처럼 개체를 링크합니다.
libbullet.lib(btSubSimplexConvexCast.obj) : warning LNK4099: '' PDB를 'libbullet.lib(btSubSimplexConvexCast.obj)' 또는 ''에서 찾을 수 없습니다. 디버그 정보가 없는 것처럼 개체를 링크합니다.
libbullet.lib(btGjkConvexCast.obj) : warning LNK4099: '' PDB를 'libbullet.lib(btGjkConvexCast.obj)' 또는 ''에서 찾을 수 없습니다. 디버그 정보가 없는 것처럼 개체를 링크합니다.
libbullet.lib(btContinuousConvexCollision.obj) : warning LNK4099: '' PDB를 'libbullet.lib(btContinuousConvexCollision.obj)' 또는 ''에서 찾을 수 없습니다. 디버그 정보가 없는 것처럼 개체를 링크합니다.
libbullet.lib(btQuickprof.obj) : warning LNK4099: '' PDB를 'libbullet.lib(btQuickprof.obj)' 또는 ''에서 찾을 수 없습니다. 디버그 정보가 없는 것처럼 개체를 링크합니다.
libbullet.lib(btConvexConvexAlgorithm.obj) : warning LNK4099: '' PDB를 'libbullet.lib(btConvexConvexAlgorithm.obj)' 또는 ''에서 찾을 수 없습니다. 디버그 정보가 없는 것처럼 개체를 링크합니다.
libbullet.lib(btEmptyCollisionAlgorithm.obj) : warning LNK4099: '' PDB를 'libbullet.lib(btEmptyCollisionAlgorithm.obj)' 또는 ''에서 찾을 수 없습니다. 디버그 정보가 없는 것처럼 개체를 링크합니다.
libbullet.lib(btConvexConcaveCollisionAlgorithm.obj) : warning LNK4099: '' PDB를 'libbullet.lib(btConvexConcaveCollisionAlgorithm.obj)' 또는 ''에서 찾을 수 없습니다. 디버그 정보가 없는 것처럼 개체를 링크합니다.
libbullet.lib(btCompoundCollisionAlgorithm.obj) : warning LNK4099: '' PDB를 'libbullet.lib(btCompoundCollisionAlgorithm.obj)' 또는 ''에서 찾을 수 없습니다. 디버그 정보가 없는 것처럼 개체를 링크합니다.
libbullet.lib(btCompoundCompoundCollisionAlgorithm.obj) : warning LNK4099: '' PDB를 'libbullet.lib(btCompoundCompoundCollisionAlgorithm.obj)' 또는 ''에서 찾을 수 없습니다. 디버그 정보가 없는 것처럼 개체를 링크합니다.
libbullet.lib(btConvexPlaneCollisionAlgorithm.obj) : warning LNK4099: '' PDB를 'libbullet.lib(btConvexPlaneCollisionAlgorithm.obj)' 또는 ''에서 찾을 수 없습니다. 디버그 정보가 없는 것처럼 개체를 링크합니다.
libbullet.lib(btBoxBoxCollisionAlgorithm.obj) : warning LNK4099: '' PDB를 'libbullet.lib(btBoxBoxCollisionAlgorithm.obj)' 또는 ''에서 찾을 수 없습니다. 디버그 정보가 없는 것처럼 개체를 링크합니다.
libbullet.lib(btSphereSphereCollisionAlgorithm.obj) : warning LNK4099: '' PDB를 'libbullet.lib(btSphereSphereCollisionAlgorithm.obj)' 또는 ''에서 찾을 수 없습니다. 디버그 정보가 없는 것처럼 개체를 링크합니다.
libbullet.lib(btSphereTriangleCollisionAlgorithm.obj) : warning LNK4099: '' PDB를 'libbullet.lib(btSphereTriangleCollisionAlgorithm.obj)' 또는 ''에서 찾을 수 없습니다. 디버그 정보가 없는 것처럼 개체를 링크합니다.
libbullet.lib(btMinkowskiPenetrationDepthSolver.obj) : warning LNK4099: '' PDB를 'libbullet.lib(btMinkowskiPenetrationDepthSolver.obj)' 또는 ''에서 찾을 수 없습니다. 디버그 정보가 없는 것처럼 개체를 링크합니다.
libbullet.lib(btDbvt.obj) : warning LNK4099: '' PDB를 'libbullet.lib(btDbvt.obj)' 또는 ''에서 찾을 수 없습니다. 디버그 정보가 없는 것처럼 개체를 링크합니다.
libbullet.lib(btOverlappingPairCache.obj) : warning LNK4099: '' PDB를 'libbullet.lib(btOverlappingPairCache.obj)' 또는 ''에서 찾을 수 없습니다. 디버그 정보가 없는 것처럼 개체를 링크합니다.
libbullet.lib(btSimulationIslandManager.obj) : warning LNK4099: '' PDB를 'libbullet.lib(btSimulationIslandManager.obj)' 또는 ''에서 찾을 수 없습니다. 디버그 정보가 없는 것처럼 개체를 링크합니다.
libbullet.lib(btTypedConstraint.obj) : warning LNK4099: '' PDB를 'libbullet.lib(btTypedConstraint.obj)' 또는 ''에서 찾을 수 없습니다. 디버그 정보가 없는 것처럼 개체를 링크합니다.
libbullet.lib(btConeTwistConstraint.obj) : warning LNK4099: '' PDB를 'libbullet.lib(btConeTwistConstraint.obj)' 또는 ''에서 찾을 수 없습니다. 디버그 정보가 없는 것처럼 개체를 링크합니다.
libbullet.lib(btGeneric6DofConstraint.obj) : warning LNK4099: '' PDB를 'libbullet.lib(btGeneric6DofConstraint.obj)' 또는 ''에서 찾을 수 없습니다. 디버그 정보가 없는 것처럼 개체를 링크합니다.
libbullet.lib(btVector3.obj) : warning LNK4099: '' PDB를 'libbullet.lib(btVector3.obj)' 또는 ''에서 찾을 수 없습니다. 디버그 정보가 없는 것처럼 개체를 링크합니다.
libbullet.lib(btGjkEpa2.obj) : warning LNK4099: '' PDB를 'libbullet.lib(btGjkEpa2.obj)' 또는 ''에서 찾을 수 없습니다. 디버그 정보가 없는 것처럼 개체를 링크합니다.
libbullet.lib(btTriangleMeshShape.obj) : warning LNK4099: '' PDB를 'libbullet.lib(btTriangleMeshShape.obj)' 또는 ''에서 찾을 수 없습니다. 디버그 정보가 없는 것처럼 개체를 링크합니다.
libbullet.lib(btQuantizedBvh.obj) : warning LNK4099: '' PDB를 'libbullet.lib(btQuantizedBvh.obj)' 또는 ''에서 찾을 수 없습니다. 디버그 정보가 없는 것처럼 개체를 링크합니다.
libbullet.lib(btOptimizedBvh.obj) : warning LNK4099: '' PDB를 'libbullet.lib(btOptimizedBvh.obj)' 또는 ''에서 찾을 수 없습니다. 디버그 정보가 없는 것처럼 개체를 링크합니다.
libbullet.lib(btPolyhedralConvexShape.obj) : warning LNK4099: '' PDB를 'libbullet.lib(btPolyhedralConvexShape.obj)' 또는 ''에서 찾을 수 없습니다. 디버그 정보가 없는 것처럼 개체를 링크합니다.
libbullet.lib(btVoronoiSimplexSolver.obj) : warning LNK4099: '' PDB를 'libbullet.lib(btVoronoiSimplexSolver.obj)' 또는 ''에서 찾을 수 없습니다. 디버그 정보가 없는 것처럼 개체를 링크합니다.
libbullet.lib(btGjkPairDetector.obj) : warning LNK4099: '' PDB를 'libbullet.lib(btGjkPairDetector.obj)' 또는 ''에서 찾을 수 없습니다. 디버그 정보가 없는 것처럼 개체를 링크합니다.
libbullet.lib(btActivatingCollisionAlgorithm.obj) : warning LNK4099: '' PDB를 'libbullet.lib(btActivatingCollisionAlgorithm.obj)' 또는 ''에서 찾을 수 없습니다. 디버그 정보가 없는 것처럼 개체를 링크합니다.
libbullet.lib(btPolyhedralContactClipping.obj) : warning LNK4099: '' PDB를 'libbullet.lib(btPolyhedralContactClipping.obj)' 또는 ''에서 찾을 수 없습니다. 디버그 정보가 없는 것처럼 개체를 링크합니다.
libbullet.lib(btCollisionAlgorithm.obj) : warning LNK4099: '' PDB를 'libbullet.lib(btCollisionAlgorithm.obj)' 또는 ''에서 찾을 수 없습니다. 디버그 정보가 없는 것처럼 개체를 링크합니다.
libbullet.lib(btHashedSimplePairCache.obj) : warning LNK4099: '' PDB를 'libbullet.lib(btHashedSimplePairCache.obj)' 또는 ''에서 찾을 수 없습니다. 디버그 정보가 없는 것처럼 개체를 링크합니다.
libbullet.lib(btBoxBoxDetector.obj) : warning LNK4099: '' PDB를 'libbullet.lib(btBoxBoxDetector.obj)' 또는 ''에서 찾을 수 없습니다. 디버그 정보가 없는 것처럼 개체를 링크합니다.
libbullet.lib(SphereTriangleDetector.obj) : warning LNK4099: '' PDB를 'libbullet.lib(SphereTriangleDetector.obj)' 또는 ''에서 찾을 수 없습니다. 디버그 정보가 없는 것처럼 개체를 링크합니다.
libbullet.lib(btUnionFind.obj) : warning LNK4099: '' PDB를 'libbullet.lib(btUnionFind.obj)' 또는 ''에서 찾을 수 없습니다. 디버그 정보가 없는 것처럼 개체를 링크합니다.
libbullet.lib(btConcaveShape.obj) : warning LNK4099: '' PDB를 'libbullet.lib(btConcaveShape.obj)' 또는 ''에서 찾을 수 없습니다. 디버그 정보가 없는 것처럼 개체를 링크합니다.
libbullet.lib(btConvexPolyhedron.obj) : warning LNK4099: '' PDB를 'libbullet.lib(btConvexPolyhedron.obj)' 또는 ''에서 찾을 수 없습니다. 디버그 정보가 없는 것처럼 개체를 링크합니다.
libbullet.lib(btConvexHullComputer.obj) : warning LNK4099: '' PDB를 'libbullet.lib(btConvexHullComputer.obj)' 또는 ''에서 찾을 수 없습니다. 디버그 정보가 없는 것처럼 개체를 링크합니다.
libbullet.lib(btGeometryUtil.obj) : warning LNK4099: '' PDB를 'libbullet.lib(btGeometryUtil.obj)' 또는 ''에서 찾을 수 없습니다. 디버그 정보가 없는 것처럼 개체를 링크합니다.
     D:/00_git_update/01_Study/03_Cocos2d/Match3/proj.win32/Debug/Match3.lib 라이브러리 및 D:/00_git_update/01_Study/03_Cocos2d/Match3/proj.win32/Debug/Match3.exp 개체를 생성하고 있습니다.
LINK : warning LNK4098: 'LIBCMT' defaultlib가 다른 라이브러리와 충돌합니다. /NODEFAULTLIB:library를 사용하십시오.
LINK : warning LNK4098: 'MSVCRT' defaultlib가 다른 라이브러리와 충돌합니다. /NODEFAULTLIB:library를 사용하십시오.
  Match3.vcxproj -> D:\00_git_update\01_Study\03_Cocos2d\Match3\proj.win32\bin\Match3\Debug\Match3.exe
