  1>Checking Build System
  CMake is re-running because D:/00_git_update/01_Study/03_Cocos2d/Match3/proj.win32/CMakeFiles/generate.stamp is out-of-date.
    the file 'D:/00_git_update/01_Study/03_Cocos2d/Match3/CMakeLists.txt'
    is newer than 'D:/00_git_update/01_Study/03_Cocos2d/Match3/proj.win32/CMakeFiles/generate.stamp.depend'
    result='-1'
  -- Selecting Windows SDK version 10.0.22621.0 to target Windows 10.0.22631.
  -- PROJECT_NAME:Match3
  -- PROJECT_SOURCE_DIR:D:/00_git_update/01_Study/03_Cocos2d/Match3
  -- COCOS2DX_ROOT_PATH:D:/00_git_update/01_Study/03_Cocos2d/Match3/cocos2d
  -- CMAKE_MODULE_PATH:D:/00_git_update/01_Study/03_Cocos2d/Match3/cocos2d/cmake/Modules/
  -- PROJECT_BINARY_DIR:D:/00_git_update/01_Study/03_Cocos2d/Match3/proj.win32
  -- ENGINE_BINARY_PATH:D:/00_git_update/01_Study/03_Cocos2d/Match3/proj.win32/engine
  -- PYTHON_PATH:C:/ProgramData/anaconda3/python.exe
  -- COCOS_COMMAND_PATH:C:/cocos2d-x-4.0/tools/cocos2d-console/bin/cocos
  -- HOST_SYSTEM:Windows
  -- CMAKE_GENERATOR: Visual Studio 17 2022
  -- using Windows MSVC generate cocos2d-x project, MSVC_VERSION:1941
  -- COCOS2DX_LUAJIT_ROOT:C:/cocos2d-x-4.0/tools/cocos2d-console/bin/../plugins/plugin_luacompile/bin
  -- LUAJIT32_COMMAND:C:/cocos2d-x-4.0/tools/cocos2d-console/plugins/plugin_luacompile/bin/32bit/luajit-win32.exe
  -- LUAJIT64_COMMAND:C:/cocos2d-x-4.0/tools/cocos2d-console/plugins/plugin_luacompile/bin/64bit/luajit-win32.exe
  -- cocos_mark_code_files: cocos2d
  -- cocos_mark_code_files: Match3
  -- Configuring done (0.2s)
  -- Generating done (1.7s)
  -- Build files have been written to: D:/00_git_update/01_Study/03_Cocos2d/Match3/proj.win32
